<?xml version="1.0" encoding="UTF-8"?>
<!-- Generated by org.testng.reporters.JUnitXMLReporter -->
<testsuite hostname="LENOVO" name="Default test" tests="8" failures="0" timestamp="2 May 2016 23:27:25 GMT" time="87.186" errors="0">
  <testcase name="logueo1" time="5.555" classname="pack_proy_final.Inicial"/>
  <testcase name="enviar_correo1" time="11.385" classname="pack_proy_final.Inicial"/>
  <testcase name="enviar_correo1" time="5.206" classname="pack_proy_final.Inicial"/>
  <testcase name="enviar_correo1" time="5.182" classname="pack_proy_final.Inicial"/>
  <testcase name="comprobar_correos1" time="20.895" classname="pack_proy_final.Inicial"/>
  <testcase name="deslog" time="0.638" classname="pack_proy_final.Inicial"/>
  <testcase name="logueo2" time="4.894" classname="pack_proy_final.Inicial"/>
  <testcase name="ComprobarRecibidos" time="28.801" classname="pack_proy_final.Inicial"/>
</testsuite> <!-- Default test -->
