<?xml version="1.0" encoding="UTF-8"?>
<testng-results skipped="0" failed="0" total="1" passed="1">
  <reporter-output>
  </reporter-output>
  <suite name="Default suite" duration-ms="18106" started-at="2016-04-13T20:38:12Z" finished-at="2016-04-13T20:38:30Z">
    <groups>
    </groups>
    <test name="Default test" duration-ms="18106" started-at="2016-04-13T20:38:12Z" finished-at="2016-04-13T20:38:30Z">
      <class name="pack4.ej_4">
        <test-method status="PASS" signature="beforeMethod(org.testng.ITestContext)[pri:0, instance:pack4.ej_4@1593948d]" name="beforeMethod" is-config="true" duration-ms="6166" started-at="2016-04-13T17:38:12Z" finished-at="2016-04-13T17:38:18Z">
          <params>
            <param index="0">
              <value>
                <![CDATA[org.testng.TestRunner@451001e5]]>
              </value>
            </param>
          </params>
          <reporter-output>
          </reporter-output>
        </test-method> <!-- beforeMethod -->
        <test-method status="PASS" signature="exercise04()[pri:0, instance:pack4.ej_4@1593948d]" name="exercise04" duration-ms="11679" started-at="2016-04-13T17:38:18Z" description="Exercise" finished-at="2016-04-13T17:38:30Z">
          <reporter-output>
          </reporter-output>
        </test-method> <!-- exercise04 -->
        <test-method status="PASS" signature="afterMethod(org.testng.ITestContext)[pri:0, instance:pack4.ej_4@1593948d]" name="afterMethod" is-config="true" duration-ms="241" started-at="2016-04-13T17:38:30Z" finished-at="2016-04-13T17:38:30Z">
          <params>
            <param index="0">
              <value>
                <![CDATA[org.testng.TestRunner@451001e5]]>
              </value>
            </param>
          </params>
          <reporter-output>
          </reporter-output>
        </test-method> <!-- afterMethod -->
      </class> <!-- pack4.ej_4 -->
    </test> <!-- Default test -->
  </suite> <!-- Default suite -->
</testng-results>
